

================================================================
== Vivado HLS Report for 'rsaModExp_montMult'
================================================================
* Date:           Sun Jan 15 23:34:25 2017

* Version:        2016.2 (Build 1577090 on Thu Jun 02 16:59:10 MDT 2016)
* Project:        ws_rsa64bit
* Solution:       solution1
* Product family: zynq
* Target device:  xc7z020clg484-1


================================================================
== Performance Estimates
================================================================
+ Timing (ns): 
    * Summary: 
    +--------+-------+----------+------------+
    |  Clock | Target| Estimated| Uncertainty|
    +--------+-------+----------+------------+
    |ap_clk  |  25.00|     21.94|        3.12|
    +--------+-------+----------+------------+

+ Latency (clock cycles): 
    * Summary: 
    +-------+-------+-------+-------+---------+
    |    Latency    |    Interval   | Pipeline|
    |  min  |  max  |  min  |  max  |   Type  |
    +-------+-------+-------+-------+---------+
    |  16389|  16389|  16389|  16389|   none  |
    +-------+-------+-------+-------+---------+

    + Detail: 
        * Instance: 
        N/A

        * Loop: 
        +----------+-------+-------+----------+-----------+-----------+------+----------+
        |          |    Latency    | Iteration|  Initiation Interval  | Trip |          |
        | Loop Name|  min  |  max  |  Latency |  achieved |   target  | Count| Pipelined|
        +----------+-------+-------+----------+-----------+-----------+------+----------+
        |- Loop 1  |  16384|  16384|         8|          -|          -|  2048|    no    |
        +----------+-------+-------+----------+-----------+-----------+------+----------+



================================================================
== Utilization Estimates
================================================================
* Summary: 
+-----------------+---------+-------+--------+-------+
|       Name      | BRAM_18K| DSP48E|   FF   |  LUT  |
+-----------------+---------+-------+--------+-------+
|DSP              |        -|      -|       -|      -|
|Expression       |        -|      -|       0|   6837|
|FIFO             |        -|      -|       -|      -|
|Instance         |        -|      -|   36879|   6147|
|Memory           |        -|      -|       -|      -|
|Multiplexer      |        -|      -|       -|   4115|
|Register         |        -|      -|   24620|      -|
+-----------------+---------+-------+--------+-------+
|Total            |        0|      0|   61499|  17099|
+-----------------+---------+-------+--------+-------+
|Available        |      280|    220|  106400|  53200|
+-----------------+---------+-------+--------+-------+
|Utilization (%)  |        0|      0|      57|     32|
+-----------------+---------+-------+--------+-------+

+ Detail: 
    * Instance: 
    +---------------------------------------+------------------------------------+---------+-------+-------+------+
    |                Instance               |               Module               | BRAM_18K| DSP48E|   FF  |  LUT |
    +---------------------------------------+------------------------------------+---------+-------+-------+------+
    |rsaModExp_add_2050ns_2050ns_2050_4_U6  |rsaModExp_add_2050ns_2050ns_2050_4  |        0|      0|  12294|  2049|
    |rsaModExp_add_2050ns_2050ns_2050_4_U8  |rsaModExp_add_2050ns_2050ns_2050_4  |        0|      0|  12298|  2050|
    |rsaModExp_sub_2048ns_2048ns_2048_4_U7  |rsaModExp_sub_2048ns_2048ns_2048_4  |        0|      0|  12287|  2048|
    +---------------------------------------+------------------------------------+---------+-------+-------+------+
    |Total                                  |                                    |        0|      0|  36879|  6147|
    +---------------------------------------+------------------------------------+---------+-------+-------+------+

    * DSP48: 
    N/A

    * Memory: 
    N/A

    * FIFO: 
    N/A

    * Expression: 
    +-----------------------------------+----------+-------+---+------+------------+------------+
    |           Variable Name           | Operation| DSP48E| FF|  LUT | Bitwidth P0| Bitwidth P1|
    +-----------------------------------+----------+-------+---+------+------------+------------+
    |i_fu_106_p2                        |     +    |      0|  0|    12|          12|           1|
    |exitcond_fu_100_p2                 |   icmp   |      0|  0|     5|          12|          13|
    |tmp_fu_124_p2                      |   icmp   |      0|  0|   673|        2049|        2049|
    |p_Val2_1_fu_142_p3                 |  select  |      0|  0|  2050|           1|        2050|
    |ssdm_int_V_write_assign_fu_182_p3  |  select  |      0|  0|  2048|           1|        2048|
    |tmp_5_fu_176_p3                    |  select  |      0|  0|  2049|           1|        2049|
    +-----------------------------------+----------+-------+---+------+------------+------------+
    |Total                              |          |      0|  0|  6837|        2076|        8210|
    +-----------------------------------+----------+-------+---+------+------------+------------+

    * Multiplexer: 
    +-----------------+------+-----------+------+-----------+
    |       Name      |  LUT | Input Size| Bits | Total Bits|
    +-----------------+------+-----------+------+-----------+
    |ap_NS_fsm        |     6|         13|     1|         13|
    |ap_return        |  2048|          2|  2048|       4096|
    |i_assign_reg_65  |    12|          2|    12|         24|
    |p_s_reg_54       |  2049|          2|  2049|       4098|
    +-----------------+------+-----------+------+-----------+
    |Total            |  4115|         19|  4110|       8231|
    +-----------------+------+-----------+------+-----------+

    * Register: 
    +-------------------+------+----+------+-----------+
    |        Name       |  FF  | LUT| Bits | Const Bits|
    +-------------------+------+----+------+-----------+
    |M0_V_read_reg_188  |  2048|   0|  2048|          0|
    |M_V_cast_reg_208   |  2048|   0|  2049|          1|
    |M_V_reg_203        |  2048|   0|  2050|          2|
    |X_V_reg_193        |  2048|   0|  2050|          2|
    |Y_V_reg_198        |  2048|   0|  2050|          2|
    |ap_CS_fsm          |    12|   0|    12|          0|
    |ap_return          |  2048|   0|  2048|          0|
    |ap_return_preg     |  2048|   0|  2048|          0|
    |i_assign_reg_65    |    12|   0|    12|          0|
    |i_reg_222          |    12|   0|    12|          0|
    |p_Val2_1_reg_247   |  2050|   0|  2050|          0|
    |p_cast_reg_213     |  2049|   0|  2050|          1|
    |p_s_reg_54         |  2049|   0|  2049|          0|
    |tmp_4_reg_257      |  2049|   0|  2049|          0|
    |tmp_6_reg_242      |  2048|   0|  2048|          0|
    |tmp_8_reg_227      |     1|   0|     1|          0|
    |tmp_9_reg_252      |     1|   0|     1|          0|
    |tmp_reg_232        |     1|   0|     1|          0|
    +-------------------+------+----+------+-----------+
    |Total              | 24620|   0| 24628|          8|
    +-------------------+------+----+------+-----------+



================================================================
== Interface
================================================================
* Summary: 
+-----------+-----+------+------------+--------------------+--------------+
| RTL Ports | Dir | Bits |  Protocol  |    Source Object   |    C Type    |
+-----------+-----+------+------------+--------------------+--------------+
|ap_clk     |  in |     1| ap_ctrl_hs | rsaModExp_montMult | return value |
|ap_rst     |  in |     1| ap_ctrl_hs | rsaModExp_montMult | return value |
|ap_start   |  in |     1| ap_ctrl_hs | rsaModExp_montMult | return value |
|ap_done    | out |     1| ap_ctrl_hs | rsaModExp_montMult | return value |
|ap_idle    | out |     1| ap_ctrl_hs | rsaModExp_montMult | return value |
|ap_ready   | out |     1| ap_ctrl_hs | rsaModExp_montMult | return value |
|ap_return  | out |  2048| ap_ctrl_hs | rsaModExp_montMult | return value |
|X0_V       |  in |  2048|   ap_none  |        X0_V        |    scalar    |
|Y0_V       |  in |  2048|   ap_none  |        Y0_V        |    scalar    |
|M0_V       |  in |  2048|   ap_none  |        M0_V        |    scalar    |
+-----------+-----+------+------------+--------------------+--------------+

