INFO: [XSIM 43-3496] Using init file passed via -initfile option "/opt/Xilinx/Vivado/2016.4/data/xsim/ip/xsim_ip.ini".
Vivado Simulator 2016.4
Copyright 1986-1999, 2001-2016 Xilinx, Inc. All Rights Reserved.
Running: /opt/Xilinx/Vivado/2016.4/bin/unwrapped/lnx64.o/xelab xil_defaultlib.apatb_rsaModExp_top -prj rsaModExp.prj --initfile /opt/Xilinx/Vivado/2016.4/data/xsim/ip/xsim_ip.ini --lib ieee_proposed=./ieee_proposed -s rsaModExp 
Multi-threading is on. Using 6 slave threads.
Determining compilation order of HDL files.
WARNING: [XSIM 43-3431] One or more environment variables have been detected which affect the operation of the C compiler. These are typically not set in standard installations and are not tested by Xilinx, however they may be appropriate for your system, so the flow will attempt to continue.  If errors occur, try running fuse with the "-mt off -v 1" switches to see more information from the C compiler. The following environment variables have been detected:
INFO: [VRFC 10-163] Analyzing VHDL file "/home/brett/Thesis/Vivado_WS/ws_rsa/solution1/sim/vhdl/AESL_sim_pkg.vhd" into library xil_defaultlib
INFO: [VRFC 10-163] Analyzing VHDL file "/home/brett/Thesis/Vivado_WS/ws_rsa/solution1/sim/vhdl/rsaModExp_add_205bkb.vhd" into library xil_defaultlib
INFO: [VRFC 10-307] analyzing entity rsaModExp_add_205bkb_AddSubnS_0
INFO: [VRFC 10-307] analyzing entity rsaModExp_add_205bkb_AddSubnS_0_fadder
INFO: [VRFC 10-307] analyzing entity rsaModExp_add_205bkb_AddSubnS_0_fadder_f
INFO: [VRFC 10-307] analyzing entity rsaModExp_add_205bkb
INFO: [VRFC 10-163] Analyzing VHDL file "/home/brett/Thesis/Vivado_WS/ws_rsa/solution1/sim/vhdl/rsaModExp_add_205dEe.vhd" into library xil_defaultlib
INFO: [VRFC 10-307] analyzing entity rsaModExp_add_205dEe_AddSubnS_2
INFO: [VRFC 10-307] analyzing entity rsaModExp_add_205dEe_AddSubnS_2_fadder
INFO: [VRFC 10-307] analyzing entity rsaModExp_add_205dEe_AddSubnS_2_fadder_f
INFO: [VRFC 10-307] analyzing entity rsaModExp_add_205dEe
INFO: [VRFC 10-163] Analyzing VHDL file "/home/brett/Thesis/Vivado_WS/ws_rsa/solution1/sim/vhdl/rsaModExp_sub_204cud.vhd" into library xil_defaultlib
INFO: [VRFC 10-307] analyzing entity rsaModExp_sub_204cud_AddSubnS_1
INFO: [VRFC 10-307] analyzing entity rsaModExp_sub_204cud_AddSubnS_1_fadder
INFO: [VRFC 10-307] analyzing entity rsaModExp_sub_204cud_AddSubnS_1_fadder_f
INFO: [VRFC 10-307] analyzing entity rsaModExp_sub_204cud
INFO: [VRFC 10-163] Analyzing VHDL file "/home/brett/Thesis/Vivado_WS/ws_rsa/solution1/sim/vhdl/rsaModExp.autotb.vhd" into library xil_defaultlib
INFO: [VRFC 10-307] analyzing entity apatb_rsaModExp_top
INFO: [VRFC 10-163] Analyzing VHDL file "/home/brett/Thesis/Vivado_WS/ws_rsa/solution1/sim/vhdl/rsaModExp.vhd" into library xil_defaultlib
INFO: [VRFC 10-307] analyzing entity rsaModExp
INFO: [VRFC 10-163] Analyzing VHDL file "/home/brett/Thesis/Vivado_WS/ws_rsa/solution1/sim/vhdl/montMult.vhd" into library xil_defaultlib
INFO: [VRFC 10-307] analyzing entity montMult
INFO: [VRFC 10-163] Analyzing VHDL file "/home/brett/Thesis/Vivado_WS/ws_rsa/solution1/sim/vhdl/rsaModExp_sub_205eOg.vhd" into library xil_defaultlib
INFO: [VRFC 10-307] analyzing entity rsaModExp_sub_205eOg_AddSubnS_3
INFO: [VRFC 10-307] analyzing entity rsaModExp_sub_205eOg_AddSubnS_3_fadder
INFO: [VRFC 10-307] analyzing entity rsaModExp_sub_205eOg_AddSubnS_3_fadder_f
INFO: [VRFC 10-307] analyzing entity rsaModExp_sub_205eOg
Starting static elaboration
Completed static elaboration
Starting simulation data flow analysis
Completed simulation data flow analysis
Time Resolution for simulation is 1ps
Compiling package std.standard
Compiling package std.textio
Compiling package ieee.std_logic_1164
Compiling package ieee.std_logic_arith
Compiling package ieee.std_logic_unsigned
Compiling package ieee.numeric_std
Compiling package ieee.std_logic_textio
Compiling architecture behav of entity xil_defaultlib.rsaModExp_add_205bkb_AddSubnS_0_fadder [rsamodexp_add_205bkb_addsubns_0_...]
Compiling architecture behav of entity xil_defaultlib.rsaModExp_add_205bkb_AddSubnS_0_fadder_f [rsamodexp_add_205bkb_addsubns_0_...]
Compiling architecture behav of entity xil_defaultlib.rsaModExp_add_205bkb_AddSubnS_0 [rsamodexp_add_205bkb_addsubns_0_...]
Compiling architecture arch of entity xil_defaultlib.rsaModExp_add_205bkb [\rsaModExp_add_205bkb(id=1,num_s...]
Compiling architecture behav of entity xil_defaultlib.rsaModExp_sub_204cud_AddSubnS_1_fadder [rsamodexp_sub_204cud_addsubns_1_...]
Compiling architecture behav of entity xil_defaultlib.rsaModExp_sub_204cud_AddSubnS_1_fadder_f [rsamodexp_sub_204cud_addsubns_1_...]
Compiling architecture behav of entity xil_defaultlib.rsaModExp_sub_204cud_AddSubnS_1 [rsamodexp_sub_204cud_addsubns_1_...]
Compiling architecture arch of entity xil_defaultlib.rsaModExp_sub_204cud [\rsaModExp_sub_204cud(id=1,num_s...]
Compiling architecture behav of entity xil_defaultlib.montMult [montmult_default]
Compiling architecture behav of entity xil_defaultlib.rsaModExp_add_205dEe_AddSubnS_2_fadder [rsamodexp_add_205dee_addsubns_2_...]
Compiling architecture behav of entity xil_defaultlib.rsaModExp_add_205dEe_AddSubnS_2_fadder_f [rsamodexp_add_205dee_addsubns_2_...]
Compiling architecture behav of entity xil_defaultlib.rsaModExp_add_205dEe_AddSubnS_2 [rsamodexp_add_205dee_addsubns_2_...]
Compiling architecture arch of entity xil_defaultlib.rsaModExp_add_205dEe [\rsaModExp_add_205dEe(id=1,num_s...]
Compiling architecture behav of entity xil_defaultlib.rsaModExp_sub_205eOg_AddSubnS_3_fadder [rsamodexp_sub_205eog_addsubns_3_...]
Compiling architecture behav of entity xil_defaultlib.rsaModExp_sub_205eOg_AddSubnS_3_fadder_f [rsamodexp_sub_205eog_addsubns_3_...]
Compiling architecture behav of entity xil_defaultlib.rsaModExp_sub_205eOg_AddSubnS_3 [rsamodexp_sub_205eog_addsubns_3_...]
Compiling architecture arch of entity xil_defaultlib.rsaModExp_sub_205eOg [\rsaModExp_sub_205eOg(id=1,num_s...]
Compiling architecture behav of entity xil_defaultlib.rsaModExp [rsamodexp_default]
Compiling architecture behav of entity xil_defaultlib.apatb_rsamodexp_top
Built simulation snapshot rsaModExp
