==============================================================
File generated by Vivado(TM) HLS - High-Level Synthesis from C, C++ and SystemC
Version: 2016.4
Copyright (C) 1986-2017 Xilinx, Inc. All Rights Reserved.

==============================================================

@I [SYN-201] Setting up clock 'default' with a period of 25ns.
@I [HLS-10] Setting target device to 'xc7z020clg484-1'
@I [HLS-10] Analyzing design file 'ws_rsa/solution1/rsaModExp.cpp' ... 
@I [HLS-10] Analyzing design file 'ws_rsa/solution1/montMult.cpp' ... 
@I [HLS-10] Analyzing design file 'ws_rsa/solution1/interleaveModMult.cpp' ... 
@I [HLS-10] Validating synthesis directives ...
@I [HLS-111] Finished Checking Pragmas Time (s): cpu = 00:02:13 ; elapsed = 00:01:31 . Memory (MB): peak = 326.785 ; gain = 12.586 ; free physical = 17096 ; free virtual = 30055
@I [HLS-111] Finished Linking Time (s): cpu = 00:02:14 ; elapsed = 00:01:32 . Memory (MB): peak = 326.785 ; gain = 12.586 ; free physical = 17086 ; free virtual = 30051
@I [HLS-10] Starting code transformations ...
@I [HLS-111] Finished Standard Transforms Time (s): cpu = 00:02:14 ; elapsed = 00:01:32 . Memory (MB): peak = 327.285 ; gain = 13.086 ; free physical = 17069 ; free virtual = 30038
@I [HLS-10] Checking synthesizability ...
@W [SYNCHK-23] ws_rsa/solution1/rsaModExp.cpp:26: variable-indexed range selection may cause suboptimal QoR.
@I [SYNCHK-10] 0 error(s), 1 warning(s).
@I [HLS-111] Finished Checking Synthesizability Time (s): cpu = 00:02:15 ; elapsed = 00:01:32 . Memory (MB): peak = 455.238 ; gain = 141.039 ; free physical = 17059 ; free virtual = 30028
@I [HLS-111] Finished Pre-synthesis Time (s): cpu = 00:02:15 ; elapsed = 00:01:33 . Memory (MB): peak = 455.238 ; gain = 141.039 ; free physical = 17023 ; free virtual = 29998
@E [XFORM-801] Cannot specify interface mode ap_fifo on a scalar argument 'M.V' for function 'rsaModExp' (ws_rsa/solution1/rsaModExp.cpp:3).
@E [XFORM-801] Cannot specify interface mode 'ap_fifo' on a non-pointer argument 'M.V' for function 'rsaModExp' (ws_rsa/solution1/rsaModExp.cpp:3). Please use a pointer (or an array) instead.
@E [XFORM-801] Cannot specify interface mode ap_fifo on a scalar argument 'e.V' for function 'rsaModExp' (ws_rsa/solution1/rsaModExp.cpp:3).
@E [XFORM-801] Cannot specify interface mode 'ap_fifo' on a non-pointer argument 'e.V' for function 'rsaModExp' (ws_rsa/solution1/rsaModExp.cpp:3). Please use a pointer (or an array) instead.
@E [XFORM-801] Cannot specify interface mode ap_fifo on a scalar argument 'n.V' for function 'rsaModExp' (ws_rsa/solution1/rsaModExp.cpp:3).
@E [XFORM-801] Cannot specify interface mode 'ap_fifo' on a non-pointer argument 'n.V' for function 'rsaModExp' (ws_rsa/solution1/rsaModExp.cpp:3). Please use a pointer (or an array) instead.
@E [XFORM-801] Cannot specify interface mode ap_fifo on a scalar argument 'M0.V' for function 'montMult' (ws_rsa/solution1/montMult.cpp:11:20).
@E [XFORM-801] Cannot specify interface mode 'ap_fifo' on a non-pointer argument 'M0.V' for function 'montMult' (ws_rsa/solution1/montMult.cpp:11:20). Please use a pointer (or an array) instead.
@E [XFORM-801] Cannot specify interface mode ap_fifo on a scalar argument 'M.V' for function 'interleaveModMult' (ws_rsa/solution1/interleaveModMult.cpp:8:1).
@E [XFORM-801] Cannot specify interface mode 'ap_fifo' on a non-pointer argument 'M.V' for function 'interleaveModMult' (ws_rsa/solution1/interleaveModMult.cpp:8:1). Please use a pointer (or an array) instead.
@E [HLS-70] Failed building synthesis data model.
command 'ap_source' returned error code
    while executing
"source /home/brett/Thesis/Vivado_WS/ws_rsa/solution3/csynth.tcl"
    invoked from within
"hls::main /home/brett/Thesis/Vivado_WS/ws_rsa/solution3/csynth.tcl"
    ("uplevel" body line 1)
    invoked from within
"uplevel 1 hls::main {*}$args"
    (procedure "hls_proc" line 5)
    invoked from within
"hls_proc $argv"
